Settings:
  Output files: "/home/joe.ueda/Bureau/cDiff/maps_deseq2/rcd22/gitHub_testing/03_mapping_genome/r20_idx.*.bt2"
  Line rate: 6 (line is 64 bytes)
  Lines per side: 1 (side is 64 bytes)
  Offset rate: 4 (one in 16)
  FTable chars: 10
  Strings: unpacked
  Max bucket size: default
  Max bucket size, sqrt multiplier: default
  Max bucket size, len divisor: 4
  Difference-cover sample period: 1024
  Endianness: little
  Actual local endianness: little
  Sanity checking: disabled
  Assertions: disabled
  Random seed: 0
  Sizeofs: void*:8, int:4, long:8, size_t:8
Input files DNA, FASTA:
  /home/joe.ueda/Bureau/cDiff/maps_deseq2/rcd22/gitHub_testing/data/r20_referenceGenome_gcf.fasta
Reading reference sizes
  Time reading reference sizes: 00:00:00
Calculating joined length
Writing header
Reserving space for joined string
Joining reference sequences
  Time to join reference sequences: 00:00:00
bmax according to bmaxDivN setting: 1047784
Using parameters --bmax 785838 --dcv 1024
  Doing ahead-of-time memory usage test
  Passed!  Constructing with these parameters: --bmax 785838 --dcv 1024
Constructing suffix-array element generator
Building DifferenceCoverSample
  Building sPrime
  Building sPrimeOrder
  V-Sorting samples
  V-Sorting samples time: 00:00:00
  Allocating rank array
  Ranking v-sort output
  Ranking v-sort output time: 00:00:00
  Invoking Larsson-Sadakane on ranks
  Invoking Larsson-Sadakane on ranks time: 00:00:00
  Sanity-checking and returning
Building samples
Reserving space for 12 sample suffixes
Generating random suffixes
QSorting 12 sample offsets, eliminating duplicates
QSorting sample offsets, eliminating duplicates time: 00:00:00
Multikey QSorting 12 samples
  (Using difference cover)
  Multikey QSorting samples time: 00:00:00
Calculating bucket sizes
Splitting and merging
  Splitting and merging time: 00:00:00
Avg bucket size: 4.19114e+06 (target: 785837)
Converting suffix-array elements to index image
Allocating ftab, absorbFtab
Entering Ebwt loop
Getting block 1 of 1
  No samples; assembling all-inclusive block
  Sorting block of length 4191139 for bucket 1
  (Using difference cover)
  Sorting block time: 00:00:01
Returning block of 4191140 for bucket 1
Exited Ebwt loop
fchr[A]: 0
fchr[C]: 1498710
fchr[G]: 2094989
fchr[T]: 2706068
fchr[$]: 4191139
Exiting Ebwt::buildToDisk()
Returning from initFromVector
Wrote 5591608 bytes to primary EBWT file: /home/joe.ueda/Bureau/cDiff/maps_deseq2/rcd22/gitHub_testing/03_mapping_genome/r20_idx.1.bt2
Wrote 1047792 bytes to secondary EBWT file: /home/joe.ueda/Bureau/cDiff/maps_deseq2/rcd22/gitHub_testing/03_mapping_genome/r20_idx.2.bt2
Re-opening _in1 and _in2 as input streams
Returning from Ebwt constructor
Headers:
    len: 4191139
    bwtLen: 4191140
    sz: 1047785
    bwtSz: 1047785
    lineRate: 6
    offRate: 4
    offMask: 0xfffffff0
    ftabChars: 10
    eftabLen: 20
    eftabSz: 80
    ftabLen: 1048577
    ftabSz: 4194308
    offsLen: 261947
    offsSz: 1047788
    lineSz: 64
    sideSz: 64
    sideBwtSz: 48
    sideBwtLen: 192
    numSides: 21829
    numLines: 21829
    ebwtTotLen: 1397056
    ebwtTotSz: 1397056
    color: 0
    reverse: 0
Total time for call to driver() for forward index: 00:00:01
Reading reference sizes
  Time reading reference sizes: 00:00:00
Calculating joined length
Writing header
Reserving space for joined string
Joining reference sequences
  Time to join reference sequences: 00:00:00
  Time to reverse reference sequence: 00:00:00
bmax according to bmaxDivN setting: 1047784
Using parameters --bmax 785838 --dcv 1024
  Doing ahead-of-time memory usage test
  Passed!  Constructing with these parameters: --bmax 785838 --dcv 1024
Constructing suffix-array element generator
Building DifferenceCoverSample
  Building sPrime
  Building sPrimeOrder
  V-Sorting samples
  V-Sorting samples time: 00:00:00
  Allocating rank array
  Ranking v-sort output
  Ranking v-sort output time: 00:00:00
  Invoking Larsson-Sadakane on ranks
  Invoking Larsson-Sadakane on ranks time: 00:00:00
  Sanity-checking and returning
Building samples
Reserving space for 12 sample suffixes
Generating random suffixes
QSorting 12 sample offsets, eliminating duplicates
QSorting sample offsets, eliminating duplicates time: 00:00:00
Multikey QSorting 12 samples
  (Using difference cover)
  Multikey QSorting samples time: 00:00:00
Calculating bucket sizes
Splitting and merging
  Splitting and merging time: 00:00:00
Avg bucket size: 4.19114e+06 (target: 785837)
Converting suffix-array elements to index image
Allocating ftab, absorbFtab
Entering Ebwt loop
Getting block 1 of 1
  No samples; assembling all-inclusive block
  Sorting block of length 4191139 for bucket 1
  (Using difference cover)
  Sorting block time: 00:00:01
Returning block of 4191140 for bucket 1
Exited Ebwt loop
fchr[A]: 0
fchr[C]: 1498710
fchr[G]: 2094989
fchr[T]: 2706068
fchr[$]: 4191139
Exiting Ebwt::buildToDisk()
Returning from initFromVector
Wrote 5591608 bytes to primary EBWT file: /home/joe.ueda/Bureau/cDiff/maps_deseq2/rcd22/gitHub_testing/03_mapping_genome/r20_idx.rev.1.bt2
Wrote 1047792 bytes to secondary EBWT file: /home/joe.ueda/Bureau/cDiff/maps_deseq2/rcd22/gitHub_testing/03_mapping_genome/r20_idx.rev.2.bt2
Re-opening _in1 and _in2 as input streams
Returning from Ebwt constructor
Headers:
    len: 4191139
    bwtLen: 4191140
    sz: 1047785
    bwtSz: 1047785
    lineRate: 6
    offRate: 4
    offMask: 0xfffffff0
    ftabChars: 10
    eftabLen: 20
    eftabSz: 80
    ftabLen: 1048577
    ftabSz: 4194308
    offsLen: 261947
    offsSz: 1047788
    lineSz: 64
    sideSz: 64
    sideBwtSz: 48
    sideBwtLen: 192
    numSides: 21829
    numLines: 21829
    ebwtTotLen: 1397056
    ebwtTotSz: 1397056
    color: 0
    reverse: 1
Total time for backward call to driver() for mirror index: 00:00:01
